2018-04-16 19:14:08 reliableudp.go:13 DEBUG this=0xc420084000
2018-04-16 19:14:08 udpsession.go:94 DEBUG u.recv=0xc420084000
2018-04-16 19:14:08 udpsession.go:29 DEBUG ListUDP OK. IP=0.0.0.0 PORT:8008
2018-04-16 19:14:09 udpsendbuffer.go:42 DEBUG bufferList=[]
2018-04-16 19:14:09 udpsession.go:80 DEBUG BufferList len=0 list=[]
2018-04-16 19:14:10 udpsendbuffer.go:42 DEBUG bufferList=[]
2018-04-16 19:14:10 udpsession.go:80 DEBUG BufferList len=0 list=[]
2018-04-16 19:14:11 udpsendbuffer.go:42 DEBUG bufferList=[]
2018-04-16 19:14:11 udpsession.go:80 DEBUG BufferList len=0 list=[]
2018-04-16 19:14:12 udpsendbuffer.go:42 DEBUG bufferList=[]
2018-04-16 19:14:12 udpsession.go:80 DEBUG BufferList len=0 list=[]
2018-04-16 19:14:13 udpsendbuffer.go:42 DEBUG bufferList=[]
2018-04-16 19:14:13 udpsession.go:80 DEBUG BufferList len=0 list=[]
2018-04-16 19:14:14 udpsendbuffer.go:42 DEBUG bufferList=[]
2018-04-16 19:14:14 udpsession.go:80 DEBUG BufferList len=0 list=[]
2018-04-16 19:14:15 udpsession.go:64 DEBUG recv=0xc420084000 rLen=10 addr=10.155.48.42:35590
2018-04-16 19:14:15 reliableudp.go:28 DEBUG Recv data=10 byte=111vvv222

2018-04-16 19:14:15 encrypt.go:35 DEBUG preSub=[49 49 49] endSub=[50 50 50 10] packetLen=10 endLen=4
2018-04-16 19:14:15 encrypt.go:49 DEBUG GetPacketData data:[118 118 118]
2018-04-16 19:14:15 udpsendbuffer.go:24 DEBUG buffer list=1 ip=10.155.48.42 port=35590 b=[118 118 118]
2018-04-16 19:14:15 reliableudp.go:39 DEBUG Send ip=10.155.48.42 port=35590 packetData=[118 118 118]
2018-04-16 19:14:15 udpsendbuffer.go:42 DEBUG bufferList=[{[118 118 118] 10.155.48.42 35590}]
2018-04-16 19:14:15 udpsession.go:80 DEBUG BufferList len=1 list=[{[118 118 118] 10.155.48.42 35590}]
2018-04-16 19:14:15 udpsession.go:83 DEBUG try to send: ip=10.155.48.42 port=35590 data=[118 118 118]
2018-04-16 19:14:17 udpsendbuffer.go:42 DEBUG bufferList=[]
2018-04-16 19:14:17 udpsession.go:80 DEBUG BufferList len=0 list=[]
2018-04-16 19:14:18 udpsendbuffer.go:42 DEBUG bufferList=[]
2018-04-16 19:14:18 udpsession.go:80 DEBUG BufferList len=0 list=[]
2018-04-16 19:14:19 udpsendbuffer.go:42 DEBUG bufferList=[]
2018-04-16 19:14:19 udpsession.go:80 DEBUG BufferList len=0 list=[]
2018-04-16 19:14:20 udpsendbuffer.go:42 DEBUG bufferList=[]
2018-04-16 19:14:20 udpsession.go:80 DEBUG BufferList len=0 list=[]
2018-04-16 19:14:21 udpsendbuffer.go:42 DEBUG bufferList=[]
2018-04-16 19:14:21 udpsession.go:80 DEBUG BufferList len=0 list=[]
2018-04-16 19:14:22 udpsendbuffer.go:42 DEBUG bufferList=[]
2018-04-16 19:14:22 udpsession.go:80 DEBUG BufferList len=0 list=[]
2018-04-16 19:14:23 udpsendbuffer.go:42 DEBUG bufferList=[]
2018-04-16 19:14:23 udpsession.go:80 DEBUG BufferList len=0 list=[]
2018-04-16 19:14:24 udpsendbuffer.go:42 DEBUG bufferList=[]
2018-04-16 19:14:24 udpsession.go:80 DEBUG BufferList len=0 list=[]
2018-04-16 19:14:25 udpsendbuffer.go:42 DEBUG bufferList=[]
2018-04-16 19:14:25 udpsession.go:80 DEBUG BufferList len=0 list=[]
2018-04-16 19:14:26 udpsendbuffer.go:42 DEBUG bufferList=[]
2018-04-16 19:14:26 udpsession.go:80 DEBUG BufferList len=0 list=[]
2018-04-16 19:14:26 udpsession.go:64 DEBUG recv=0xc420084000 rLen=10 addr=10.155.48.42:35590
2018-04-16 19:14:26 reliableudp.go:28 DEBUG Recv data=10 byte=111222222

2018-04-16 19:14:26 encrypt.go:35 DEBUG preSub=[49 49 49] endSub=[50 50 50 10] packetLen=10 endLen=4
2018-04-16 19:14:26 encrypt.go:49 DEBUG GetPacketData data:[50 50 50]
2018-04-16 19:14:26 udpsendbuffer.go:24 DEBUG buffer list=1 ip=10.155.48.42 port=35590 b=[50 50 50]
2018-04-16 19:14:26 reliableudp.go:39 DEBUG Send ip=10.155.48.42 port=35590 packetData=[50 50 50]
2018-04-16 19:14:27 udpsendbuffer.go:42 DEBUG bufferList=[{[50 50 50] 10.155.48.42 35590}]
2018-04-16 19:14:27 udpsession.go:80 DEBUG BufferList len=1 list=[{[50 50 50] 10.155.48.42 35590}]
2018-04-16 19:14:27 udpsession.go:83 DEBUG try to send: ip=10.155.48.42 port=35590 data=[50 50 50]
2018-04-16 19:14:28 udpsendbuffer.go:42 DEBUG bufferList=[]
2018-04-16 19:14:28 udpsession.go:80 DEBUG BufferList len=0 list=[]
2018-04-16 19:14:29 udpsendbuffer.go:42 DEBUG bufferList=[]
2018-04-16 19:14:29 udpsession.go:80 DEBUG BufferList len=0 list=[]
2018-04-16 19:14:30 udpsendbuffer.go:42 DEBUG bufferList=[]
2018-04-16 19:14:30 udpsession.go:80 DEBUG BufferList len=0 list=[]
2018-04-16 19:14:31 udpsendbuffer.go:42 DEBUG bufferList=[]
2018-04-16 19:14:31 udpsession.go:80 DEBUG BufferList len=0 list=[]
2018-04-16 19:14:32 udpsendbuffer.go:42 DEBUG bufferList=[]
2018-04-16 19:14:32 udpsession.go:80 DEBUG BufferList len=0 list=[]
2018-04-16 19:14:33 udpsendbuffer.go:42 DEBUG bufferList=[]
2018-04-16 19:14:33 udpsession.go:80 DEBUG BufferList len=0 list=[]
2018-04-16 19:14:34 udpsendbuffer.go:42 DEBUG bufferList=[]
2018-04-16 19:14:34 udpsession.go:80 DEBUG BufferList len=0 list=[]
2018-04-16 19:14:35 udpsendbuffer.go:42 DEBUG bufferList=[]
2018-04-16 19:14:35 udpsession.go:80 DEBUG BufferList len=0 list=[]
2018-04-16 19:14:36 udpsendbuffer.go:42 DEBUG bufferList=[]
2018-04-16 19:14:36 udpsession.go:80 DEBUG BufferList len=0 list=[]
2018-04-16 19:14:37 udpsendbuffer.go:42 DEBUG bufferList=[]
2018-04-16 19:14:37 udpsession.go:80 DEBUG BufferList len=0 list=[]
2018-04-16 19:14:38 udpsendbuffer.go:42 DEBUG bufferList=[]
2018-04-16 19:14:38 udpsession.go:80 DEBUG BufferList len=0 list=[]
2018-04-16 19:14:39 udpsendbuffer.go:42 DEBUG bufferList=[]
2018-04-16 19:14:39 udpsession.go:80 DEBUG BufferList len=0 list=[]
2018-04-16 19:14:40 udpsendbuffer.go:42 DEBUG bufferList=[]
2018-04-16 19:14:40 udpsession.go:80 DEBUG BufferList len=0 list=[]
2018-04-16 19:14:41 udpsendbuffer.go:42 DEBUG bufferList=[]
2018-04-16 19:14:41 udpsession.go:80 DEBUG BufferList len=0 list=[]
2018-04-16 19:14:42 udpsendbuffer.go:42 DEBUG bufferList=[]
2018-04-16 19:14:42 udpsession.go:80 DEBUG BufferList len=0 list=[]
2018-04-16 19:14:43 udpsendbuffer.go:42 DEBUG bufferList=[]
2018-04-16 19:14:43 udpsession.go:80 DEBUG BufferList len=0 list=[]
2018-04-16 19:14:44 udpsendbuffer.go:42 DEBUG bufferList=[]
2018-04-16 19:14:44 udpsession.go:80 DEBUG BufferList len=0 list=[]
2018-04-16 19:14:45 udpsendbuffer.go:42 DEBUG bufferList=[]
2018-04-16 19:14:45 udpsession.go:80 DEBUG BufferList len=0 list=[]
2018-04-16 19:14:46 udpsendbuffer.go:42 DEBUG bufferList=[]
2018-04-16 19:14:46 udpsession.go:80 DEBUG BufferList len=0 list=[]
2018-04-16 19:14:47 udpsendbuffer.go:42 DEBUG bufferList=[]
2018-04-16 19:14:47 udpsession.go:80 DEBUG BufferList len=0 list=[]
2018-04-16 19:14:48 udpsendbuffer.go:42 DEBUG bufferList=[]
2018-04-16 19:14:48 udpsession.go:80 DEBUG BufferList len=0 list=[]
2018-04-16 19:14:49 udpsendbuffer.go:42 DEBUG bufferList=[]
2018-04-16 19:14:49 udpsession.go:80 DEBUG BufferList len=0 list=[]
2018-04-16 19:14:50 udpsendbuffer.go:42 DEBUG bufferList=[]
2018-04-16 19:14:50 udpsession.go:80 DEBUG BufferList len=0 list=[]
2018-04-16 19:14:51 udpsendbuffer.go:42 DEBUG bufferList=[]
2018-04-16 19:14:51 udpsession.go:80 DEBUG BufferList len=0 list=[]
2018-04-16 19:14:52 udpsendbuffer.go:42 DEBUG bufferList=[]
2018-04-16 19:14:52 udpsession.go:80 DEBUG BufferList len=0 list=[]
2018-04-16 19:14:53 udpsendbuffer.go:42 DEBUG bufferList=[]
2018-04-16 19:14:53 udpsession.go:80 DEBUG BufferList len=0 list=[]
2018-04-16 19:14:54 udpsendbuffer.go:42 DEBUG bufferList=[]
2018-04-16 19:14:54 udpsession.go:80 DEBUG BufferList len=0 list=[]
2018-04-16 19:14:55 udpsendbuffer.go:42 DEBUG bufferList=[]
2018-04-16 19:14:55 udpsession.go:80 DEBUG BufferList len=0 list=[]
2018-04-16 19:14:56 udpsendbuffer.go:42 DEBUG bufferList=[]
2018-04-16 19:14:56 udpsession.go:80 DEBUG BufferList len=0 list=[]
2018-04-16 19:14:57 udpsendbuffer.go:42 DEBUG bufferList=[]
2018-04-16 19:14:57 udpsession.go:80 DEBUG BufferList len=0 list=[]
2018-04-16 19:14:58 udpsendbuffer.go:42 DEBUG bufferList=[]
2018-04-16 19:14:58 udpsession.go:80 DEBUG BufferList len=0 list=[]
2018-04-16 19:14:59 udpsendbuffer.go:42 DEBUG bufferList=[]
2018-04-16 19:14:59 udpsession.go:80 DEBUG BufferList len=0 list=[]
2018-04-16 19:15:00 udpsendbuffer.go:42 DEBUG bufferList=[]
2018-04-16 19:15:00 udpsession.go:80 DEBUG BufferList len=0 list=[]
2018-04-16 19:15:01 udpsendbuffer.go:42 DEBUG bufferList=[]
2018-04-16 19:15:01 udpsession.go:80 DEBUG BufferList len=0 list=[]
2018-04-16 19:15:02 udpsendbuffer.go:42 DEBUG bufferList=[]
2018-04-16 19:15:02 udpsession.go:80 DEBUG BufferList len=0 list=[]
2018-04-16 19:15:03 udpsendbuffer.go:42 DEBUG bufferList=[]
2018-04-16 19:15:03 udpsession.go:80 DEBUG BufferList len=0 list=[]
2018-04-16 19:15:04 udpsendbuffer.go:42 DEBUG bufferList=[]
2018-04-16 19:15:04 udpsession.go:80 DEBUG BufferList len=0 list=[]
2018-04-16 19:15:05 udpsendbuffer.go:42 DEBUG bufferList=[]
2018-04-16 19:15:05 udpsession.go:80 DEBUG BufferList len=0 list=[]
2018-04-16 19:15:06 udpsendbuffer.go:42 DEBUG bufferList=[]
2018-04-16 19:15:06 udpsession.go:80 DEBUG BufferList len=0 list=[]
2018-04-16 19:15:07 udpsendbuffer.go:42 DEBUG bufferList=[]
2018-04-16 19:15:07 udpsession.go:80 DEBUG BufferList len=0 list=[]
2018-04-16 19:15:08 udpsendbuffer.go:42 DEBUG bufferList=[]
2018-04-16 19:15:08 udpsession.go:80 DEBUG BufferList len=0 list=[]
2018-04-16 19:15:09 udpsendbuffer.go:42 DEBUG bufferList=[]
2018-04-16 19:15:09 udpsession.go:80 DEBUG BufferList len=0 list=[]
2018-04-16 19:15:10 udpsendbuffer.go:42 DEBUG bufferList=[]
2018-04-16 19:15:10 udpsession.go:80 DEBUG BufferList len=0 list=[]
2018-04-16 19:15:11 udpsendbuffer.go:42 DEBUG bufferList=[]
2018-04-16 19:15:11 udpsession.go:80 DEBUG BufferList len=0 list=[]
2018-04-16 19:15:12 udpsendbuffer.go:42 DEBUG bufferList=[]
2018-04-16 19:15:12 udpsession.go:80 DEBUG BufferList len=0 list=[]
2018-04-16 19:15:13 udpsendbuffer.go:42 DEBUG bufferList=[]
2018-04-16 19:15:13 udpsession.go:80 DEBUG BufferList len=0 list=[]
2018-04-16 19:15:14 udpsendbuffer.go:42 DEBUG bufferList=[]
2018-04-16 19:15:14 udpsession.go:80 DEBUG BufferList len=0 list=[]
2018-04-16 19:15:15 udpsendbuffer.go:42 DEBUG bufferList=[]
2018-04-16 19:15:15 udpsession.go:80 DEBUG BufferList len=0 list=[]
2018-04-16 19:15:16 udpsendbuffer.go:42 DEBUG bufferList=[]
2018-04-16 19:15:16 udpsession.go:80 DEBUG BufferList len=0 list=[]
2018-04-16 19:15:17 udpsendbuffer.go:42 DEBUG bufferList=[]
2018-04-16 19:15:17 udpsession.go:80 DEBUG BufferList len=0 list=[]
2018-04-16 19:15:18 udpsendbuffer.go:42 DEBUG bufferList=[]
2018-04-16 19:15:18 udpsession.go:80 DEBUG BufferList len=0 list=[]
2018-04-16 19:15:19 udpsendbuffer.go:42 DEBUG bufferList=[]
2018-04-16 19:15:19 udpsession.go:80 DEBUG BufferList len=0 list=[]
2018-04-16 19:15:20 udpsendbuffer.go:42 DEBUG bufferList=[]
2018-04-16 19:15:20 udpsession.go:80 DEBUG BufferList len=0 list=[]
2018-04-16 19:15:21 udpsendbuffer.go:42 DEBUG bufferList=[]
2018-04-16 19:15:21 udpsession.go:80 DEBUG BufferList len=0 list=[]
2018-04-16 19:15:22 udpsendbuffer.go:42 DEBUG bufferList=[]
2018-04-16 19:15:22 udpsession.go:80 DEBUG BufferList len=0 list=[]
2018-04-16 19:15:23 udpsendbuffer.go:42 DEBUG bufferList=[]
2018-04-16 19:15:23 udpsession.go:80 DEBUG BufferList len=0 list=[]
2018-04-16 19:15:24 udpsendbuffer.go:42 DEBUG bufferList=[]
2018-04-16 19:15:24 udpsession.go:80 DEBUG BufferList len=0 list=[]
2018-04-16 19:15:25 udpsendbuffer.go:42 DEBUG bufferList=[]
2018-04-16 19:15:25 udpsession.go:80 DEBUG BufferList len=0 list=[]
2018-04-16 19:15:26 udpsendbuffer.go:42 DEBUG bufferList=[]
2018-04-16 19:15:26 udpsession.go:80 DEBUG BufferList len=0 list=[]
2018-04-16 19:15:27 udpsendbuffer.go:42 DEBUG bufferList=[]
2018-04-16 19:15:27 udpsession.go:80 DEBUG BufferList len=0 list=[]
2018-04-16 19:15:28 udpsendbuffer.go:42 DEBUG bufferList=[]
2018-04-16 19:15:28 udpsession.go:80 DEBUG BufferList len=0 list=[]
2018-04-16 19:15:29 udpsendbuffer.go:42 DEBUG bufferList=[]
2018-04-16 19:15:29 udpsession.go:80 DEBUG BufferList len=0 list=[]
2018-04-16 19:15:30 udpsendbuffer.go:42 DEBUG bufferList=[]
2018-04-16 19:15:30 udpsession.go:80 DEBUG BufferList len=0 list=[]
2018-04-16 19:15:31 udpsendbuffer.go:42 DEBUG bufferList=[]
2018-04-16 19:15:31 udpsession.go:80 DEBUG BufferList len=0 list=[]
2018-04-16 19:15:32 udpsendbuffer.go:42 DEBUG bufferList=[]
2018-04-16 19:15:32 udpsession.go:80 DEBUG BufferList len=0 list=[]
2018-04-16 19:15:33 udpsendbuffer.go:42 DEBUG bufferList=[]
2018-04-16 19:15:33 udpsession.go:80 DEBUG BufferList len=0 list=[]
2018-04-16 19:15:34 udpsendbuffer.go:42 DEBUG bufferList=[]
2018-04-16 19:15:34 udpsession.go:80 DEBUG BufferList len=0 list=[]
2018-04-16 19:15:35 udpsendbuffer.go:42 DEBUG bufferList=[]
2018-04-16 19:15:35 udpsession.go:80 DEBUG BufferList len=0 list=[]
2018-04-16 19:15:36 udpsendbuffer.go:42 DEBUG bufferList=[]
2018-04-16 19:15:36 udpsession.go:80 DEBUG BufferList len=0 list=[]
2018-04-16 19:15:37 udpsendbuffer.go:42 DEBUG bufferList=[]
2018-04-16 19:15:37 udpsession.go:80 DEBUG BufferList len=0 list=[]
2018-04-16 19:15:37 udpsession.go:64 DEBUG recv=0xc420084000 rLen=10 addr=10.155.48.42:35590
2018-04-16 19:15:37 reliableudp.go:28 DEBUG Recv data=10 byte=111789222

2018-04-16 19:15:37 encrypt.go:35 DEBUG preSub=[49 49 49] endSub=[50 50 50 10] packetLen=10 endLen=4
2018-04-16 19:15:37 encrypt.go:49 DEBUG GetPacketData data:[55 56 57]
2018-04-16 19:15:37 udpsendbuffer.go:24 DEBUG buffer list=1 ip=10.155.48.42 port=35590 b=[55 56 57]
2018-04-16 19:15:37 reliableudp.go:39 DEBUG Send ip=10.155.48.42 port=35590 packetData=[55 56 57]
2018-04-16 19:15:38 udpsendbuffer.go:42 DEBUG bufferList=[{[55 56 57] 10.155.48.42 35590}]
2018-04-16 19:15:38 udpsession.go:80 DEBUG BufferList len=1 list=[{[55 56 57] 10.155.48.42 35590}]
2018-04-16 19:15:38 udpsession.go:83 DEBUG try to send: ip=10.155.48.42 port=35590 data=[55 56 57]
2018-04-16 19:15:39 udpsendbuffer.go:42 DEBUG bufferList=[]
2018-04-16 19:15:39 udpsession.go:80 DEBUG BufferList len=0 list=[]
2018-04-16 19:15:40 udpsendbuffer.go:42 DEBUG bufferList=[]
2018-04-16 19:15:40 udpsession.go:80 DEBUG BufferList len=0 list=[]
2018-04-16 19:15:41 udpsendbuffer.go:42 DEBUG bufferList=[]
2018-04-16 19:15:41 udpsession.go:80 DEBUG BufferList len=0 list=[]
2018-04-16 19:15:42 udpsendbuffer.go:42 DEBUG bufferList=[]
2018-04-16 19:15:42 udpsession.go:80 DEBUG BufferList len=0 list=[]
2018-04-16 19:15:43 udpsendbuffer.go:42 DEBUG bufferList=[]
2018-04-16 19:15:43 udpsession.go:80 DEBUG BufferList len=0 list=[]
2018-04-16 19:15:44 udpsendbuffer.go:42 DEBUG bufferList=[]
2018-04-16 19:15:44 udpsession.go:80 DEBUG BufferList len=0 list=[]
