2018-04-16 16:42:36 reliableudp.go:13 DEBUG this=0xc420084000
2018-04-16 16:42:36 udpsession.go:93 DEBUG u.recv=0xc420084000
2018-04-16 16:42:36 udpsession.go:29 DEBUG ListUDP OK. IP=0.0.0.0 PORT:8008
2018-04-16 16:42:37 udpsendbuffer.go:40 DEBUG bufferList=[]
2018-04-16 16:42:38 udpsendbuffer.go:40 DEBUG bufferList=[]
2018-04-16 16:42:39 udpsendbuffer.go:40 DEBUG bufferList=[]
2018-04-16 16:42:40 udpsendbuffer.go:40 DEBUG bufferList=[]
2018-04-16 16:42:41 udpsendbuffer.go:40 DEBUG bufferList=[]
2018-04-16 16:42:42 udpsendbuffer.go:40 DEBUG bufferList=[]
2018-04-16 16:42:43 udpsendbuffer.go:40 DEBUG bufferList=[]
2018-04-16 16:42:44 udpsendbuffer.go:40 DEBUG bufferList=[]
2018-04-16 16:42:45 udpsession.go:64 DEBUG recv=0xc420084000 rLen=11 addr=10.155.48.42:39952
2018-04-16 16:42:45 reliableudp.go:28 DEBUG Recv data=11 byte=1112222222

2018-04-16 16:42:45 encrypt.go:35 DEBUG preSub=[49 49 49] endSub=[50 50 50 10] packetLen=11 endLen=4
2018-04-16 16:42:45 encrypt.go:49 DEBUG GetPacketData data:[50 50 50 50]
2018-04-16 16:42:45 udpsendbuffer.go:24 DEBUG buffer list=1 ip=10.155.48.42 port=39952 b=[50 50 50 50]
2018-04-16 16:42:45 reliableudp.go:39 DEBUG Send ip=10.155.48.42 port=39952 packetData=[50 50 50 50]
2018-04-16 16:42:45 udpsendbuffer.go:40 DEBUG bufferList=[]
2018-04-16 16:42:46 udpsendbuffer.go:40 DEBUG bufferList=[]
2018-04-16 16:42:47 udpsendbuffer.go:40 DEBUG bufferList=[]
2018-04-16 16:42:48 udpsendbuffer.go:40 DEBUG bufferList=[]
2018-04-16 16:42:49 udpsendbuffer.go:40 DEBUG bufferList=[]
2018-04-16 16:42:50 udpsendbuffer.go:40 DEBUG bufferList=[]
2018-04-16 16:42:51 udpsendbuffer.go:40 DEBUG bufferList=[]
2018-04-16 16:42:52 udpsendbuffer.go:40 DEBUG bufferList=[]
2018-04-16 16:42:53 udpsendbuffer.go:40 DEBUG bufferList=[]
2018-04-16 16:42:54 udpsendbuffer.go:40 DEBUG bufferList=[]
2018-04-16 16:42:55 udpsendbuffer.go:40 DEBUG bufferList=[]
2018-04-16 16:42:56 udpsendbuffer.go:40 DEBUG bufferList=[]
2018-04-16 16:42:57 udpsendbuffer.go:40 DEBUG bufferList=[]
2018-04-16 16:42:58 udpsendbuffer.go:40 DEBUG bufferList=[]
2018-04-16 16:42:59 udpsendbuffer.go:40 DEBUG bufferList=[]
2018-04-16 16:43:00 udpsendbuffer.go:40 DEBUG bufferList=[]
2018-04-16 16:43:01 udpsendbuffer.go:40 DEBUG bufferList=[]
