2018-04-16 16:47:27 reliableudp.go:13 DEBUG this=0xc420084000
2018-04-16 16:47:27 udpsession.go:94 DEBUG u.recv=0xc420084000
2018-04-16 16:47:27 udpsession.go:29 DEBUG ListUDP OK. IP=0.0.0.0 PORT:8008
2018-04-16 16:47:28 udpsendbuffer.go:42 DEBUG bufferList=[]
2018-04-16 16:47:29 udpsendbuffer.go:42 DEBUG bufferList=[]
2018-04-16 16:47:30 udpsendbuffer.go:42 DEBUG bufferList=[]
2018-04-16 16:47:30 udpsession.go:64 DEBUG recv=0xc420084000 rLen=7 addr=10.155.48.42:39952
2018-04-16 16:47:30 reliableudp.go:28 DEBUG Recv data=7 byte=[A[A

2018-04-16 16:47:30 encrypt.go:35 DEBUG preSub=[27 91 65] endSub=[27 91 65 10] packetLen=7 endLen=4
2018-04-16 16:47:30 encrypt.go:38 ERROR Invalid packet value
2018-04-16 16:47:30 reliableudp.go:31 ERROR Invalid packet
2018-04-16 16:47:31 udpsendbuffer.go:42 DEBUG bufferList=[]
2018-04-16 16:47:32 udpsendbuffer.go:42 DEBUG bufferList=[]
2018-04-16 16:47:33 udpsendbuffer.go:42 DEBUG bufferList=[]
2018-04-16 16:47:33 udpsession.go:64 DEBUG recv=0xc420084000 rLen=11 addr=10.155.48.42:39952
2018-04-16 16:47:33 reliableudp.go:28 DEBUG Recv data=11 byte=111vvv2222

2018-04-16 16:47:33 encrypt.go:35 DEBUG preSub=[49 49 49] endSub=[50 50 50 10] packetLen=11 endLen=4
2018-04-16 16:47:33 encrypt.go:49 DEBUG GetPacketData data:[118 118 118 50]
2018-04-16 16:47:33 udpsendbuffer.go:24 DEBUG buffer list=1 ip=10.155.48.42 port=39952 b=[118 118 118 50]
2018-04-16 16:47:33 reliableudp.go:39 DEBUG Send ip=10.155.48.42 port=39952 packetData=[118 118 118 50]
2018-04-16 16:47:34 udpsendbuffer.go:42 DEBUG bufferList=[{[118 118 118 50] 10.155.48.42 39952}]
2018-04-16 16:47:35 udpsendbuffer.go:42 DEBUG bufferList=[]
2018-04-16 16:47:36 udpsendbuffer.go:42 DEBUG bufferList=[]
2018-04-16 16:47:37 udpsendbuffer.go:42 DEBUG bufferList=[]
2018-04-16 16:47:38 udpsendbuffer.go:42 DEBUG bufferList=[]
2018-04-16 16:47:39 udpsendbuffer.go:42 DEBUG bufferList=[]
2018-04-16 16:47:40 udpsession.go:64 DEBUG recv=0xc420084000 rLen=10 addr=10.155.48.42:39952
2018-04-16 16:47:40 reliableudp.go:28 DEBUG Recv data=10 byte=111222222

2018-04-16 16:47:40 encrypt.go:35 DEBUG preSub=[49 49 49] endSub=[50 50 50 10] packetLen=10 endLen=4
2018-04-16 16:47:40 encrypt.go:49 DEBUG GetPacketData data:[50 50 50]
2018-04-16 16:47:40 udpsendbuffer.go:24 DEBUG buffer list=1 ip=10.155.48.42 port=39952 b=[50 50 50]
2018-04-16 16:47:40 reliableudp.go:39 DEBUG Send ip=10.155.48.42 port=39952 packetData=[50 50 50]
2018-04-16 16:47:40 udpsendbuffer.go:42 DEBUG bufferList=[{[50 50 50] 10.155.48.42 39952}]
2018-04-16 16:47:41 udpsendbuffer.go:42 DEBUG bufferList=[]
2018-04-16 16:47:42 udpsendbuffer.go:42 DEBUG bufferList=[]
2018-04-16 16:47:43 udpsendbuffer.go:42 DEBUG bufferList=[]
2018-04-16 16:47:44 udpsendbuffer.go:42 DEBUG bufferList=[]
2018-04-16 16:47:45 udpsendbuffer.go:42 DEBUG bufferList=[]
2018-04-16 16:47:46 udpsendbuffer.go:42 DEBUG bufferList=[]
2018-04-16 16:47:47 udpsendbuffer.go:42 DEBUG bufferList=[]
2018-04-16 16:47:48 udpsendbuffer.go:42 DEBUG bufferList=[]
2018-04-16 16:47:49 udpsendbuffer.go:42 DEBUG bufferList=[]
2018-04-16 16:47:50 udpsendbuffer.go:42 DEBUG bufferList=[]
2018-04-16 16:47:51 udpsendbuffer.go:42 DEBUG bufferList=[]
2018-04-16 16:47:52 udpsendbuffer.go:42 DEBUG bufferList=[]
2018-04-16 16:47:53 udpsendbuffer.go:42 DEBUG bufferList=[]
2018-04-16 16:47:54 udpsendbuffer.go:42 DEBUG bufferList=[]
2018-04-16 16:47:55 udpsendbuffer.go:42 DEBUG bufferList=[]
2018-04-16 16:47:56 udpsendbuffer.go:42 DEBUG bufferList=[]
2018-04-16 16:47:57 udpsendbuffer.go:42 DEBUG bufferList=[]
2018-04-16 16:47:58 udpsendbuffer.go:42 DEBUG bufferList=[]
2018-04-16 16:47:59 udpsendbuffer.go:42 DEBUG bufferList=[]
2018-04-16 16:48:00 udpsendbuffer.go:42 DEBUG bufferList=[]
2018-04-16 16:48:01 udpsendbuffer.go:42 DEBUG bufferList=[]
2018-04-16 16:48:02 udpsendbuffer.go:42 DEBUG bufferList=[]
2018-04-16 16:48:03 udpsendbuffer.go:42 DEBUG bufferList=[]
2018-04-16 16:48:04 udpsendbuffer.go:42 DEBUG bufferList=[]
2018-04-16 16:48:05 udpsendbuffer.go:42 DEBUG bufferList=[]
2018-04-16 16:48:06 udpsendbuffer.go:42 DEBUG bufferList=[]
2018-04-16 16:48:07 udpsendbuffer.go:42 DEBUG bufferList=[]
2018-04-16 16:48:08 udpsendbuffer.go:42 DEBUG bufferList=[]
2018-04-16 16:48:09 udpsendbuffer.go:42 DEBUG bufferList=[]
2018-04-16 16:48:10 udpsendbuffer.go:42 DEBUG bufferList=[]
2018-04-16 16:48:11 udpsendbuffer.go:42 DEBUG bufferList=[]
2018-04-16 16:48:12 udpsendbuffer.go:42 DEBUG bufferList=[]
2018-04-16 16:48:13 udpsendbuffer.go:42 DEBUG bufferList=[]
2018-04-16 16:48:14 udpsendbuffer.go:42 DEBUG bufferList=[]
2018-04-16 16:48:15 udpsendbuffer.go:42 DEBUG bufferList=[]
2018-04-16 16:48:16 udpsendbuffer.go:42 DEBUG bufferList=[]
2018-04-16 16:48:17 udpsendbuffer.go:42 DEBUG bufferList=[]
2018-04-16 16:48:18 udpsendbuffer.go:42 DEBUG bufferList=[]
2018-04-16 16:48:19 udpsendbuffer.go:42 DEBUG bufferList=[]
2018-04-16 16:48:20 udpsendbuffer.go:42 DEBUG bufferList=[]
2018-04-16 16:48:21 udpsendbuffer.go:42 DEBUG bufferList=[]
2018-04-16 16:48:22 udpsendbuffer.go:42 DEBUG bufferList=[]
2018-04-16 16:48:23 udpsendbuffer.go:42 DEBUG bufferList=[]
2018-04-16 16:48:24 udpsendbuffer.go:42 DEBUG bufferList=[]
2018-04-16 16:48:25 udpsendbuffer.go:42 DEBUG bufferList=[]
2018-04-16 16:48:26 udpsendbuffer.go:42 DEBUG bufferList=[]
2018-04-16 16:48:27 udpsendbuffer.go:42 DEBUG bufferList=[]
2018-04-16 16:48:28 udpsendbuffer.go:42 DEBUG bufferList=[]
2018-04-16 16:48:29 udpsendbuffer.go:42 DEBUG bufferList=[]
2018-04-16 16:48:30 udpsendbuffer.go:42 DEBUG bufferList=[]
2018-04-16 16:48:31 udpsendbuffer.go:42 DEBUG bufferList=[]
2018-04-16 16:48:32 udpsendbuffer.go:42 DEBUG bufferList=[]
2018-04-16 16:48:33 udpsendbuffer.go:42 DEBUG bufferList=[]
2018-04-16 16:48:34 udpsendbuffer.go:42 DEBUG bufferList=[]
2018-04-16 16:48:35 udpsendbuffer.go:42 DEBUG bufferList=[]
2018-04-16 16:48:36 udpsendbuffer.go:42 DEBUG bufferList=[]
2018-04-16 16:48:37 udpsendbuffer.go:42 DEBUG bufferList=[]
2018-04-16 16:48:38 udpsendbuffer.go:42 DEBUG bufferList=[]
2018-04-16 16:48:39 udpsendbuffer.go:42 DEBUG bufferList=[]
2018-04-16 16:48:40 udpsendbuffer.go:42 DEBUG bufferList=[]
2018-04-16 16:48:41 udpsendbuffer.go:42 DEBUG bufferList=[]
2018-04-16 16:48:42 udpsendbuffer.go:42 DEBUG bufferList=[]
2018-04-16 16:48:43 udpsendbuffer.go:42 DEBUG bufferList=[]
2018-04-16 16:48:44 udpsendbuffer.go:42 DEBUG bufferList=[]
2018-04-16 16:48:45 udpsendbuffer.go:42 DEBUG bufferList=[]
2018-04-16 16:48:47 udpsendbuffer.go:42 DEBUG bufferList=[]
2018-04-16 16:48:48 udpsendbuffer.go:42 DEBUG bufferList=[]
2018-04-16 16:48:49 udpsendbuffer.go:42 DEBUG bufferList=[]
2018-04-16 16:48:50 udpsendbuffer.go:42 DEBUG bufferList=[]
2018-04-16 16:48:51 udpsendbuffer.go:42 DEBUG bufferList=[]
2018-04-16 16:48:52 udpsendbuffer.go:42 DEBUG bufferList=[]
2018-04-16 16:48:53 udpsendbuffer.go:42 DEBUG bufferList=[]
2018-04-16 16:48:54 udpsendbuffer.go:42 DEBUG bufferList=[]
2018-04-16 16:48:55 udpsendbuffer.go:42 DEBUG bufferList=[]
2018-04-16 16:48:56 udpsendbuffer.go:42 DEBUG bufferList=[]
2018-04-16 16:48:57 udpsendbuffer.go:42 DEBUG bufferList=[]
2018-04-16 16:48:58 udpsendbuffer.go:42 DEBUG bufferList=[]
2018-04-16 16:48:59 udpsendbuffer.go:42 DEBUG bufferList=[]
2018-04-16 16:49:00 udpsendbuffer.go:42 DEBUG bufferList=[]
2018-04-16 16:49:01 udpsendbuffer.go:42 DEBUG bufferList=[]
2018-04-16 16:49:02 udpsendbuffer.go:42 DEBUG bufferList=[]
2018-04-16 16:49:03 udpsendbuffer.go:42 DEBUG bufferList=[]
2018-04-16 16:49:04 udpsendbuffer.go:42 DEBUG bufferList=[]
2018-04-16 16:49:05 udpsendbuffer.go:42 DEBUG bufferList=[]
2018-04-16 16:49:06 udpsendbuffer.go:42 DEBUG bufferList=[]
2018-04-16 16:49:07 udpsendbuffer.go:42 DEBUG bufferList=[]
2018-04-16 16:49:08 udpsendbuffer.go:42 DEBUG bufferList=[]
2018-04-16 16:49:09 udpsendbuffer.go:42 DEBUG bufferList=[]
