2018-04-16 16:49:14 reliableudp.go:13 DEBUG this=0xc420084000
2018-04-16 16:49:14 udpsession.go:95 DEBUG u.recv=0xc420084000
2018-04-16 16:49:14 udpsession.go:29 DEBUG ListUDP OK. IP=0.0.0.0 PORT:8008
2018-04-16 16:49:15 udpsendbuffer.go:42 DEBUG bufferList=[]
2018-04-16 16:49:15 udpsession.go:81 DEBUG BufferList len=0 list=[]
2018-04-16 16:49:16 udpsendbuffer.go:42 DEBUG bufferList=[]
2018-04-16 16:49:16 udpsession.go:81 DEBUG BufferList len=0 list=[]
2018-04-16 16:49:17 udpsendbuffer.go:42 DEBUG bufferList=[]
2018-04-16 16:49:17 udpsession.go:81 DEBUG BufferList len=0 list=[]
2018-04-16 16:49:18 udpsendbuffer.go:42 DEBUG bufferList=[]
2018-04-16 16:49:18 udpsession.go:81 DEBUG BufferList len=0 list=[]
2018-04-16 16:49:19 udpsendbuffer.go:42 DEBUG bufferList=[]
2018-04-16 16:49:19 udpsession.go:81 DEBUG BufferList len=0 list=[]
2018-04-16 16:49:20 udpsendbuffer.go:42 DEBUG bufferList=[]
2018-04-16 16:49:20 udpsession.go:81 DEBUG BufferList len=0 list=[]
2018-04-16 16:49:20 udpsession.go:64 DEBUG recv=0xc420084000 rLen=10 addr=10.155.48.42:39952
2018-04-16 16:49:20 reliableudp.go:28 DEBUG Recv data=10 byte=111vvv222

2018-04-16 16:49:20 encrypt.go:35 DEBUG preSub=[49 49 49] endSub=[50 50 50 10] packetLen=10 endLen=4
2018-04-16 16:49:20 encrypt.go:49 DEBUG GetPacketData data:[118 118 118]
2018-04-16 16:49:20 udpsendbuffer.go:24 DEBUG buffer list=1 ip=10.155.48.42 port=39952 b=[118 118 118]
2018-04-16 16:49:20 reliableudp.go:39 DEBUG Send ip=10.155.48.42 port=39952 packetData=[118 118 118]
2018-04-16 16:49:21 udpsendbuffer.go:42 DEBUG bufferList=[{[118 118 118] 10.155.48.42 39952}]
2018-04-16 16:49:21 udpsession.go:81 DEBUG BufferList len=0 list=[]
2018-04-16 16:49:22 udpsendbuffer.go:42 DEBUG bufferList=[]
2018-04-16 16:49:22 udpsession.go:81 DEBUG BufferList len=0 list=[]
2018-04-16 16:49:23 udpsendbuffer.go:42 DEBUG bufferList=[]
2018-04-16 16:49:23 udpsession.go:81 DEBUG BufferList len=0 list=[]
2018-04-16 16:49:24 udpsendbuffer.go:42 DEBUG bufferList=[]
2018-04-16 16:49:24 udpsession.go:81 DEBUG BufferList len=0 list=[]
2018-04-16 16:49:25 udpsendbuffer.go:42 DEBUG bufferList=[]
2018-04-16 16:49:25 udpsession.go:81 DEBUG BufferList len=0 list=[]
2018-04-16 16:49:26 udpsendbuffer.go:42 DEBUG bufferList=[]
2018-04-16 16:49:26 udpsession.go:81 DEBUG BufferList len=0 list=[]
2018-04-16 16:49:27 udpsendbuffer.go:42 DEBUG bufferList=[]
2018-04-16 16:49:27 udpsession.go:81 DEBUG BufferList len=0 list=[]
2018-04-16 16:49:28 udpsendbuffer.go:42 DEBUG bufferList=[]
2018-04-16 16:49:28 udpsession.go:81 DEBUG BufferList len=0 list=[]
2018-04-16 16:49:29 udpsendbuffer.go:42 DEBUG bufferList=[]
2018-04-16 16:49:29 udpsession.go:81 DEBUG BufferList len=0 list=[]
2018-04-16 16:49:30 udpsendbuffer.go:42 DEBUG bufferList=[]
2018-04-16 16:49:30 udpsession.go:81 DEBUG BufferList len=0 list=[]
2018-04-16 16:49:31 udpsendbuffer.go:42 DEBUG bufferList=[]
2018-04-16 16:49:31 udpsession.go:81 DEBUG BufferList len=0 list=[]
2018-04-16 16:49:32 udpsendbuffer.go:42 DEBUG bufferList=[]
2018-04-16 16:49:32 udpsession.go:81 DEBUG BufferList len=0 list=[]
2018-04-16 16:49:33 udpsendbuffer.go:42 DEBUG bufferList=[]
2018-04-16 16:49:33 udpsession.go:81 DEBUG BufferList len=0 list=[]
2018-04-16 16:49:34 udpsendbuffer.go:42 DEBUG bufferList=[]
2018-04-16 16:49:34 udpsession.go:81 DEBUG BufferList len=0 list=[]
2018-04-16 16:49:35 udpsendbuffer.go:42 DEBUG bufferList=[]
2018-04-16 16:49:35 udpsession.go:81 DEBUG BufferList len=0 list=[]
2018-04-16 16:49:36 udpsendbuffer.go:42 DEBUG bufferList=[]
2018-04-16 16:49:36 udpsession.go:81 DEBUG BufferList len=0 list=[]
2018-04-16 16:49:37 udpsendbuffer.go:42 DEBUG bufferList=[]
2018-04-16 16:49:37 udpsession.go:81 DEBUG BufferList len=0 list=[]
2018-04-16 16:49:38 udpsendbuffer.go:42 DEBUG bufferList=[]
2018-04-16 16:49:38 udpsession.go:81 DEBUG BufferList len=0 list=[]
2018-04-16 16:49:39 udpsendbuffer.go:42 DEBUG bufferList=[]
2018-04-16 16:49:39 udpsession.go:81 DEBUG BufferList len=0 list=[]
2018-04-16 16:49:40 udpsendbuffer.go:42 DEBUG bufferList=[]
2018-04-16 16:49:40 udpsession.go:81 DEBUG BufferList len=0 list=[]
2018-04-16 16:49:41 udpsendbuffer.go:42 DEBUG bufferList=[]
2018-04-16 16:49:41 udpsession.go:81 DEBUG BufferList len=0 list=[]
2018-04-16 16:49:42 udpsendbuffer.go:42 DEBUG bufferList=[]
2018-04-16 16:49:42 udpsession.go:81 DEBUG BufferList len=0 list=[]
2018-04-16 16:49:43 udpsendbuffer.go:42 DEBUG bufferList=[]
2018-04-16 16:49:43 udpsession.go:81 DEBUG BufferList len=0 list=[]
2018-04-16 16:49:44 udpsendbuffer.go:42 DEBUG bufferList=[]
2018-04-16 16:49:44 udpsession.go:81 DEBUG BufferList len=0 list=[]
2018-04-16 16:49:45 udpsendbuffer.go:42 DEBUG bufferList=[]
2018-04-16 16:49:45 udpsession.go:81 DEBUG BufferList len=0 list=[]
2018-04-16 16:49:46 udpsendbuffer.go:42 DEBUG bufferList=[]
2018-04-16 16:49:46 udpsession.go:81 DEBUG BufferList len=0 list=[]
2018-04-16 16:49:47 udpsendbuffer.go:42 DEBUG bufferList=[]
2018-04-16 16:49:47 udpsession.go:81 DEBUG BufferList len=0 list=[]
2018-04-16 16:49:48 udpsendbuffer.go:42 DEBUG bufferList=[]
2018-04-16 16:49:48 udpsession.go:81 DEBUG BufferList len=0 list=[]
2018-04-16 16:49:49 udpsendbuffer.go:42 DEBUG bufferList=[]
2018-04-16 16:49:49 udpsession.go:81 DEBUG BufferList len=0 list=[]
2018-04-16 16:49:50 udpsendbuffer.go:42 DEBUG bufferList=[]
2018-04-16 16:49:50 udpsession.go:81 DEBUG BufferList len=0 list=[]
2018-04-16 16:49:51 udpsendbuffer.go:42 DEBUG bufferList=[]
2018-04-16 16:49:51 udpsession.go:81 DEBUG BufferList len=0 list=[]
2018-04-16 16:49:52 udpsendbuffer.go:42 DEBUG bufferList=[]
2018-04-16 16:49:52 udpsession.go:81 DEBUG BufferList len=0 list=[]
2018-04-16 16:49:53 udpsendbuffer.go:42 DEBUG bufferList=[]
2018-04-16 16:49:53 udpsession.go:81 DEBUG BufferList len=0 list=[]
2018-04-16 16:49:54 udpsendbuffer.go:42 DEBUG bufferList=[]
2018-04-16 16:49:54 udpsession.go:81 DEBUG BufferList len=0 list=[]
2018-04-16 16:49:55 udpsendbuffer.go:42 DEBUG bufferList=[]
2018-04-16 16:49:55 udpsession.go:81 DEBUG BufferList len=0 list=[]
2018-04-16 16:49:56 udpsendbuffer.go:42 DEBUG bufferList=[]
2018-04-16 16:49:56 udpsession.go:81 DEBUG BufferList len=0 list=[]
2018-04-16 16:49:57 udpsendbuffer.go:42 DEBUG bufferList=[]
2018-04-16 16:49:57 udpsession.go:81 DEBUG BufferList len=0 list=[]
2018-04-16 16:49:58 udpsendbuffer.go:42 DEBUG bufferList=[]
2018-04-16 16:49:58 udpsession.go:81 DEBUG BufferList len=0 list=[]
2018-04-16 16:49:59 udpsendbuffer.go:42 DEBUG bufferList=[]
2018-04-16 16:49:59 udpsession.go:81 DEBUG BufferList len=0 list=[]
2018-04-16 16:50:00 udpsendbuffer.go:42 DEBUG bufferList=[]
2018-04-16 16:50:00 udpsession.go:81 DEBUG BufferList len=0 list=[]
2018-04-16 16:50:01 udpsendbuffer.go:42 DEBUG bufferList=[]
2018-04-16 16:50:01 udpsession.go:81 DEBUG BufferList len=0 list=[]
2018-04-16 16:50:02 udpsendbuffer.go:42 DEBUG bufferList=[]
2018-04-16 16:50:02 udpsession.go:81 DEBUG BufferList len=0 list=[]
2018-04-16 16:50:03 udpsendbuffer.go:42 DEBUG bufferList=[]
2018-04-16 16:50:03 udpsession.go:81 DEBUG BufferList len=0 list=[]
2018-04-16 16:50:04 udpsendbuffer.go:42 DEBUG bufferList=[]
2018-04-16 16:50:04 udpsession.go:81 DEBUG BufferList len=0 list=[]
2018-04-16 16:50:05 udpsendbuffer.go:42 DEBUG bufferList=[]
2018-04-16 16:50:05 udpsession.go:81 DEBUG BufferList len=0 list=[]
2018-04-16 16:50:06 udpsendbuffer.go:42 DEBUG bufferList=[]
2018-04-16 16:50:06 udpsession.go:81 DEBUG BufferList len=0 list=[]
2018-04-16 16:50:07 udpsendbuffer.go:42 DEBUG bufferList=[]
2018-04-16 16:50:07 udpsession.go:81 DEBUG BufferList len=0 list=[]
2018-04-16 16:50:08 udpsendbuffer.go:42 DEBUG bufferList=[]
2018-04-16 16:50:08 udpsession.go:81 DEBUG BufferList len=0 list=[]
2018-04-16 16:50:09 udpsendbuffer.go:42 DEBUG bufferList=[]
2018-04-16 16:50:09 udpsession.go:81 DEBUG BufferList len=0 list=[]
2018-04-16 16:50:10 udpsendbuffer.go:42 DEBUG bufferList=[]
2018-04-16 16:50:10 udpsession.go:81 DEBUG BufferList len=0 list=[]
2018-04-16 16:50:11 udpsendbuffer.go:42 DEBUG bufferList=[]
2018-04-16 16:50:11 udpsession.go:81 DEBUG BufferList len=0 list=[]
2018-04-16 16:50:12 udpsendbuffer.go:42 DEBUG bufferList=[]
2018-04-16 16:50:12 udpsession.go:81 DEBUG BufferList len=0 list=[]
2018-04-16 16:50:13 udpsendbuffer.go:42 DEBUG bufferList=[]
2018-04-16 16:50:13 udpsession.go:81 DEBUG BufferList len=0 list=[]
2018-04-16 16:50:14 udpsendbuffer.go:42 DEBUG bufferList=[]
2018-04-16 16:50:14 udpsession.go:81 DEBUG BufferList len=0 list=[]
2018-04-16 16:50:15 udpsendbuffer.go:42 DEBUG bufferList=[]
2018-04-16 16:50:15 udpsession.go:81 DEBUG BufferList len=0 list=[]
2018-04-16 16:50:16 udpsendbuffer.go:42 DEBUG bufferList=[]
2018-04-16 16:50:16 udpsession.go:81 DEBUG BufferList len=0 list=[]
2018-04-16 16:50:17 udpsendbuffer.go:42 DEBUG bufferList=[]
2018-04-16 16:50:17 udpsession.go:81 DEBUG BufferList len=0 list=[]
2018-04-16 16:50:18 udpsendbuffer.go:42 DEBUG bufferList=[]
2018-04-16 16:50:18 udpsession.go:81 DEBUG BufferList len=0 list=[]
2018-04-16 16:50:19 udpsendbuffer.go:42 DEBUG bufferList=[]
2018-04-16 16:50:19 udpsession.go:81 DEBUG BufferList len=0 list=[]
2018-04-16 16:50:20 udpsendbuffer.go:42 DEBUG bufferList=[]
2018-04-16 16:50:20 udpsession.go:81 DEBUG BufferList len=0 list=[]
2018-04-16 16:50:21 udpsendbuffer.go:42 DEBUG bufferList=[]
2018-04-16 16:50:21 udpsession.go:81 DEBUG BufferList len=0 list=[]
2018-04-16 16:50:22 udpsendbuffer.go:42 DEBUG bufferList=[]
2018-04-16 16:50:22 udpsession.go:81 DEBUG BufferList len=0 list=[]
2018-04-16 16:50:23 udpsendbuffer.go:42 DEBUG bufferList=[]
2018-04-16 16:50:23 udpsession.go:81 DEBUG BufferList len=0 list=[]
2018-04-16 16:50:24 udpsendbuffer.go:42 DEBUG bufferList=[]
2018-04-16 16:50:24 udpsession.go:81 DEBUG BufferList len=0 list=[]
2018-04-16 16:50:25 udpsendbuffer.go:42 DEBUG bufferList=[]
2018-04-16 16:50:25 udpsession.go:81 DEBUG BufferList len=0 list=[]
2018-04-16 16:50:26 udpsendbuffer.go:42 DEBUG bufferList=[]
2018-04-16 16:50:26 udpsession.go:81 DEBUG BufferList len=0 list=[]
2018-04-16 16:50:27 udpsendbuffer.go:42 DEBUG bufferList=[]
2018-04-16 16:50:27 udpsession.go:81 DEBUG BufferList len=0 list=[]
2018-04-16 16:50:28 udpsendbuffer.go:42 DEBUG bufferList=[]
2018-04-16 16:50:28 udpsession.go:81 DEBUG BufferList len=0 list=[]
2018-04-16 16:50:29 udpsendbuffer.go:42 DEBUG bufferList=[]
2018-04-16 16:50:29 udpsession.go:81 DEBUG BufferList len=0 list=[]
2018-04-16 16:50:30 udpsendbuffer.go:42 DEBUG bufferList=[]
2018-04-16 16:50:30 udpsession.go:81 DEBUG BufferList len=0 list=[]
2018-04-16 16:50:31 udpsendbuffer.go:42 DEBUG bufferList=[]
2018-04-16 16:50:31 udpsession.go:81 DEBUG BufferList len=0 list=[]
2018-04-16 16:50:32 udpsendbuffer.go:42 DEBUG bufferList=[]
2018-04-16 16:50:32 udpsession.go:81 DEBUG BufferList len=0 list=[]
2018-04-16 16:50:33 udpsendbuffer.go:42 DEBUG bufferList=[]
2018-04-16 16:50:33 udpsession.go:81 DEBUG BufferList len=0 list=[]
2018-04-16 16:50:34 udpsendbuffer.go:42 DEBUG bufferList=[]
2018-04-16 16:50:34 udpsession.go:81 DEBUG BufferList len=0 list=[]
2018-04-16 16:50:35 udpsendbuffer.go:42 DEBUG bufferList=[]
2018-04-16 16:50:35 udpsession.go:81 DEBUG BufferList len=0 list=[]
2018-04-16 16:50:36 udpsendbuffer.go:42 DEBUG bufferList=[]
2018-04-16 16:50:36 udpsession.go:81 DEBUG BufferList len=0 list=[]
2018-04-16 16:50:37 udpsendbuffer.go:42 DEBUG bufferList=[]
2018-04-16 16:50:37 udpsession.go:81 DEBUG BufferList len=0 list=[]
2018-04-16 16:50:38 udpsendbuffer.go:42 DEBUG bufferList=[]
2018-04-16 16:50:38 udpsession.go:81 DEBUG BufferList len=0 list=[]
2018-04-16 16:50:39 udpsendbuffer.go:42 DEBUG bufferList=[]
2018-04-16 16:50:39 udpsession.go:81 DEBUG BufferList len=0 list=[]
2018-04-16 16:50:40 udpsendbuffer.go:42 DEBUG bufferList=[]
2018-04-16 16:50:40 udpsession.go:81 DEBUG BufferList len=0 list=[]
2018-04-16 16:50:41 udpsendbuffer.go:42 DEBUG bufferList=[]
2018-04-16 16:50:41 udpsession.go:81 DEBUG BufferList len=0 list=[]
2018-04-16 16:50:42 udpsendbuffer.go:42 DEBUG bufferList=[]
2018-04-16 16:50:42 udpsession.go:81 DEBUG BufferList len=0 list=[]
2018-04-16 16:50:43 udpsendbuffer.go:42 DEBUG bufferList=[]
2018-04-16 16:50:43 udpsession.go:81 DEBUG BufferList len=0 list=[]
2018-04-16 16:50:44 udpsendbuffer.go:42 DEBUG bufferList=[]
2018-04-16 16:50:44 udpsession.go:81 DEBUG BufferList len=0 list=[]
2018-04-16 16:50:45 udpsendbuffer.go:42 DEBUG bufferList=[]
2018-04-16 16:50:45 udpsession.go:81 DEBUG BufferList len=0 list=[]
2018-04-16 16:50:46 udpsendbuffer.go:42 DEBUG bufferList=[]
2018-04-16 16:50:46 udpsession.go:81 DEBUG BufferList len=0 list=[]
2018-04-16 16:50:47 udpsendbuffer.go:42 DEBUG bufferList=[]
2018-04-16 16:50:47 udpsession.go:81 DEBUG BufferList len=0 list=[]
2018-04-16 16:50:48 udpsendbuffer.go:42 DEBUG bufferList=[]
2018-04-16 16:50:48 udpsession.go:81 DEBUG BufferList len=0 list=[]
2018-04-16 16:50:49 udpsendbuffer.go:42 DEBUG bufferList=[]
2018-04-16 16:50:49 udpsession.go:81 DEBUG BufferList len=0 list=[]
2018-04-16 16:50:50 udpsendbuffer.go:42 DEBUG bufferList=[]
2018-04-16 16:50:50 udpsession.go:81 DEBUG BufferList len=0 list=[]
2018-04-16 16:50:51 udpsendbuffer.go:42 DEBUG bufferList=[]
2018-04-16 16:50:51 udpsession.go:81 DEBUG BufferList len=0 list=[]
2018-04-16 16:50:52 udpsendbuffer.go:42 DEBUG bufferList=[]
2018-04-16 16:50:52 udpsession.go:81 DEBUG BufferList len=0 list=[]
2018-04-16 16:50:53 udpsendbuffer.go:42 DEBUG bufferList=[]
2018-04-16 16:50:53 udpsession.go:81 DEBUG BufferList len=0 list=[]
2018-04-16 16:50:54 udpsendbuffer.go:42 DEBUG bufferList=[]
2018-04-16 16:50:54 udpsession.go:81 DEBUG BufferList len=0 list=[]
2018-04-16 16:50:55 udpsendbuffer.go:42 DEBUG bufferList=[]
2018-04-16 16:50:55 udpsession.go:81 DEBUG BufferList len=0 list=[]
2018-04-16 16:50:56 udpsendbuffer.go:42 DEBUG bufferList=[]
2018-04-16 16:50:56 udpsession.go:81 DEBUG BufferList len=0 list=[]
2018-04-16 16:50:57 udpsendbuffer.go:42 DEBUG bufferList=[]
2018-04-16 16:50:57 udpsession.go:81 DEBUG BufferList len=0 list=[]
2018-04-16 16:50:58 udpsendbuffer.go:42 DEBUG bufferList=[]
2018-04-16 16:50:58 udpsession.go:81 DEBUG BufferList len=0 list=[]
2018-04-16 16:50:59 udpsendbuffer.go:42 DEBUG bufferList=[]
2018-04-16 16:50:59 udpsession.go:81 DEBUG BufferList len=0 list=[]
2018-04-16 16:51:00 udpsendbuffer.go:42 DEBUG bufferList=[]
2018-04-16 16:51:00 udpsession.go:81 DEBUG BufferList len=0 list=[]
2018-04-16 16:51:01 udpsendbuffer.go:42 DEBUG bufferList=[]
2018-04-16 16:51:01 udpsession.go:81 DEBUG BufferList len=0 list=[]
2018-04-16 16:51:02 udpsendbuffer.go:42 DEBUG bufferList=[]
2018-04-16 16:51:02 udpsession.go:81 DEBUG BufferList len=0 list=[]
2018-04-16 16:51:03 udpsendbuffer.go:42 DEBUG bufferList=[]
2018-04-16 16:51:03 udpsession.go:81 DEBUG BufferList len=0 list=[]
2018-04-16 16:51:04 udpsendbuffer.go:42 DEBUG bufferList=[]
2018-04-16 16:51:04 udpsession.go:81 DEBUG BufferList len=0 list=[]
2018-04-16 16:51:05 udpsendbuffer.go:42 DEBUG bufferList=[]
2018-04-16 16:51:05 udpsession.go:81 DEBUG BufferList len=0 list=[]
2018-04-16 16:51:06 udpsendbuffer.go:42 DEBUG bufferList=[]
2018-04-16 16:51:06 udpsession.go:81 DEBUG BufferList len=0 list=[]
2018-04-16 16:51:07 udpsendbuffer.go:42 DEBUG bufferList=[]
2018-04-16 16:51:07 udpsession.go:81 DEBUG BufferList len=0 list=[]
2018-04-16 16:51:08 udpsendbuffer.go:42 DEBUG bufferList=[]
2018-04-16 16:51:08 udpsession.go:81 DEBUG BufferList len=0 list=[]
2018-04-16 16:51:09 udpsendbuffer.go:42 DEBUG bufferList=[]
2018-04-16 16:51:09 udpsession.go:81 DEBUG BufferList len=0 list=[]
2018-04-16 16:51:10 udpsendbuffer.go:42 DEBUG bufferList=[]
2018-04-16 16:51:10 udpsession.go:81 DEBUG BufferList len=0 list=[]
2018-04-16 16:51:11 udpsession.go:64 DEBUG recv=0xc420084000 rLen=10 addr=10.155.48.42:39952
2018-04-16 16:51:11 reliableudp.go:28 DEBUG Recv data=10 byte=111vvv222

2018-04-16 16:51:11 encrypt.go:35 DEBUG preSub=[49 49 49] endSub=[50 50 50 10] packetLen=10 endLen=4
2018-04-16 16:51:11 encrypt.go:49 DEBUG GetPacketData data:[118 118 118]
2018-04-16 16:51:11 udpsendbuffer.go:24 DEBUG buffer list=1 ip=10.155.48.42 port=39952 b=[118 118 118]
2018-04-16 16:51:11 reliableudp.go:39 DEBUG Send ip=10.155.48.42 port=39952 packetData=[118 118 118]
2018-04-16 16:51:11 udpsendbuffer.go:42 DEBUG bufferList=[{[118 118 118] 10.155.48.42 39952}]
2018-04-16 16:51:11 udpsession.go:81 DEBUG BufferList len=0 list=[]
2018-04-16 16:51:12 udpsendbuffer.go:42 DEBUG bufferList=[]
2018-04-16 16:51:12 udpsession.go:81 DEBUG BufferList len=0 list=[]
2018-04-16 16:51:13 udpsendbuffer.go:42 DEBUG bufferList=[]
2018-04-16 16:51:13 udpsession.go:81 DEBUG BufferList len=0 list=[]
2018-04-16 16:51:14 udpsendbuffer.go:42 DEBUG bufferList=[]
2018-04-16 16:51:14 udpsession.go:81 DEBUG BufferList len=0 list=[]
2018-04-16 16:51:15 udpsendbuffer.go:42 DEBUG bufferList=[]
2018-04-16 16:51:15 udpsession.go:81 DEBUG BufferList len=0 list=[]
2018-04-16 16:51:16 udpsendbuffer.go:42 DEBUG bufferList=[]
2018-04-16 16:51:16 udpsession.go:81 DEBUG BufferList len=0 list=[]
2018-04-16 16:51:17 udpsendbuffer.go:42 DEBUG bufferList=[]
2018-04-16 16:51:17 udpsession.go:81 DEBUG BufferList len=0 list=[]
2018-04-16 16:51:18 udpsendbuffer.go:42 DEBUG bufferList=[]
2018-04-16 16:51:18 udpsession.go:81 DEBUG BufferList len=0 list=[]
2018-04-16 16:51:19 udpsendbuffer.go:42 DEBUG bufferList=[]
2018-04-16 16:51:19 udpsession.go:81 DEBUG BufferList len=0 list=[]
2018-04-16 16:51:20 udpsendbuffer.go:42 DEBUG bufferList=[]
2018-04-16 16:51:20 udpsession.go:81 DEBUG BufferList len=0 list=[]
2018-04-16 16:51:21 udpsendbuffer.go:42 DEBUG bufferList=[]
2018-04-16 16:51:21 udpsession.go:81 DEBUG BufferList len=0 list=[]
2018-04-16 16:51:22 udpsendbuffer.go:42 DEBUG bufferList=[]
2018-04-16 16:51:22 udpsession.go:81 DEBUG BufferList len=0 list=[]
2018-04-16 16:51:23 udpsendbuffer.go:42 DEBUG bufferList=[]
2018-04-16 16:51:23 udpsession.go:81 DEBUG BufferList len=0 list=[]
2018-04-16 16:51:24 udpsendbuffer.go:42 DEBUG bufferList=[]
2018-04-16 16:51:24 udpsession.go:81 DEBUG BufferList len=0 list=[]
2018-04-16 16:51:25 udpsendbuffer.go:42 DEBUG bufferList=[]
2018-04-16 16:51:25 udpsession.go:81 DEBUG BufferList len=0 list=[]
2018-04-16 16:51:26 udpsendbuffer.go:42 DEBUG bufferList=[]
2018-04-16 16:51:26 udpsession.go:81 DEBUG BufferList len=0 list=[]
2018-04-16 16:51:27 udpsendbuffer.go:42 DEBUG bufferList=[]
2018-04-16 16:51:27 udpsession.go:81 DEBUG BufferList len=0 list=[]
2018-04-16 16:51:28 udpsendbuffer.go:42 DEBUG bufferList=[]
2018-04-16 16:51:28 udpsession.go:81 DEBUG BufferList len=0 list=[]
2018-04-16 16:51:29 udpsendbuffer.go:42 DEBUG bufferList=[]
2018-04-16 16:51:29 udpsession.go:81 DEBUG BufferList len=0 list=[]
2018-04-16 16:51:30 udpsendbuffer.go:42 DEBUG bufferList=[]
2018-04-16 16:51:30 udpsession.go:81 DEBUG BufferList len=0 list=[]
2018-04-16 16:51:31 udpsendbuffer.go:42 DEBUG bufferList=[]
2018-04-16 16:51:31 udpsession.go:81 DEBUG BufferList len=0 list=[]
2018-04-16 16:51:32 udpsendbuffer.go:42 DEBUG bufferList=[]
2018-04-16 16:51:32 udpsession.go:81 DEBUG BufferList len=0 list=[]
2018-04-16 16:51:33 udpsendbuffer.go:42 DEBUG bufferList=[]
2018-04-16 16:51:33 udpsession.go:81 DEBUG BufferList len=0 list=[]
2018-04-16 16:51:34 udpsendbuffer.go:42 DEBUG bufferList=[]
2018-04-16 16:51:34 udpsession.go:81 DEBUG BufferList len=0 list=[]
2018-04-16 16:51:35 udpsendbuffer.go:42 DEBUG bufferList=[]
2018-04-16 16:51:35 udpsession.go:81 DEBUG BufferList len=0 list=[]
2018-04-16 16:51:36 udpsendbuffer.go:42 DEBUG bufferList=[]
2018-04-16 16:51:36 udpsession.go:81 DEBUG BufferList len=0 list=[]
2018-04-16 16:51:37 udpsendbuffer.go:42 DEBUG bufferList=[]
2018-04-16 16:51:37 udpsession.go:81 DEBUG BufferList len=0 list=[]
2018-04-16 16:51:38 udpsendbuffer.go:42 DEBUG bufferList=[]
2018-04-16 16:51:38 udpsession.go:81 DEBUG BufferList len=0 list=[]
2018-04-16 16:51:39 udpsendbuffer.go:42 DEBUG bufferList=[]
2018-04-16 16:51:39 udpsession.go:81 DEBUG BufferList len=0 list=[]
2018-04-16 16:51:40 udpsendbuffer.go:42 DEBUG bufferList=[]
2018-04-16 16:51:40 udpsession.go:81 DEBUG BufferList len=0 list=[]
2018-04-16 16:51:41 udpsendbuffer.go:42 DEBUG bufferList=[]
2018-04-16 16:51:41 udpsession.go:81 DEBUG BufferList len=0 list=[]
2018-04-16 16:51:42 udpsendbuffer.go:42 DEBUG bufferList=[]
2018-04-16 16:51:42 udpsession.go:81 DEBUG BufferList len=0 list=[]
2018-04-16 16:51:43 udpsendbuffer.go:42 DEBUG bufferList=[]
2018-04-16 16:51:43 udpsession.go:81 DEBUG BufferList len=0 list=[]
2018-04-16 16:51:44 udpsendbuffer.go:42 DEBUG bufferList=[]
2018-04-16 16:51:44 udpsession.go:81 DEBUG BufferList len=0 list=[]
2018-04-16 16:51:45 udpsendbuffer.go:42 DEBUG bufferList=[]
2018-04-16 16:51:45 udpsession.go:81 DEBUG BufferList len=0 list=[]
2018-04-16 16:51:46 udpsendbuffer.go:42 DEBUG bufferList=[]
2018-04-16 16:51:46 udpsession.go:81 DEBUG BufferList len=0 list=[]
2018-04-16 16:51:47 udpsendbuffer.go:42 DEBUG bufferList=[]
2018-04-16 16:51:47 udpsession.go:81 DEBUG BufferList len=0 list=[]
2018-04-16 16:51:48 udpsendbuffer.go:42 DEBUG bufferList=[]
2018-04-16 16:51:48 udpsession.go:81 DEBUG BufferList len=0 list=[]
2018-04-16 16:51:49 udpsendbuffer.go:42 DEBUG bufferList=[]
2018-04-16 16:51:49 udpsession.go:81 DEBUG BufferList len=0 list=[]
2018-04-16 16:51:50 udpsendbuffer.go:42 DEBUG bufferList=[]
2018-04-16 16:51:50 udpsession.go:81 DEBUG BufferList len=0 list=[]
2018-04-16 16:51:51 udpsendbuffer.go:42 DEBUG bufferList=[]
2018-04-16 16:51:51 udpsession.go:81 DEBUG BufferList len=0 list=[]
2018-04-16 16:51:52 udpsendbuffer.go:42 DEBUG bufferList=[]
2018-04-16 16:51:52 udpsession.go:81 DEBUG BufferList len=0 list=[]
2018-04-16 16:51:53 udpsendbuffer.go:42 DEBUG bufferList=[]
2018-04-16 16:51:53 udpsession.go:81 DEBUG BufferList len=0 list=[]
2018-04-16 16:51:54 udpsendbuffer.go:42 DEBUG bufferList=[]
2018-04-16 16:51:54 udpsession.go:81 DEBUG BufferList len=0 list=[]
2018-04-16 16:51:55 udpsendbuffer.go:42 DEBUG bufferList=[]
2018-04-16 16:51:55 udpsession.go:81 DEBUG BufferList len=0 list=[]
2018-04-16 16:51:56 udpsendbuffer.go:42 DEBUG bufferList=[]
2018-04-16 16:51:56 udpsession.go:81 DEBUG BufferList len=0 list=[]
2018-04-16 16:51:57 udpsendbuffer.go:42 DEBUG bufferList=[]
2018-04-16 16:51:57 udpsession.go:81 DEBUG BufferList len=0 list=[]
2018-04-16 16:51:58 udpsendbuffer.go:42 DEBUG bufferList=[]
2018-04-16 16:51:58 udpsession.go:81 DEBUG BufferList len=0 list=[]
2018-04-16 16:51:59 udpsendbuffer.go:42 DEBUG bufferList=[]
2018-04-16 16:51:59 udpsession.go:81 DEBUG BufferList len=0 list=[]
2018-04-16 16:52:00 udpsendbuffer.go:42 DEBUG bufferList=[]
2018-04-16 16:52:00 udpsession.go:81 DEBUG BufferList len=0 list=[]
2018-04-16 16:52:01 udpsendbuffer.go:42 DEBUG bufferList=[]
2018-04-16 16:52:01 udpsession.go:81 DEBUG BufferList len=0 list=[]
2018-04-16 16:52:02 udpsendbuffer.go:42 DEBUG bufferList=[]
2018-04-16 16:52:02 udpsession.go:81 DEBUG BufferList len=0 list=[]
2018-04-16 16:52:03 udpsendbuffer.go:42 DEBUG bufferList=[]
2018-04-16 16:52:03 udpsession.go:81 DEBUG BufferList len=0 list=[]
2018-04-16 16:52:04 udpsendbuffer.go:42 DEBUG bufferList=[]
2018-04-16 16:52:04 udpsession.go:81 DEBUG BufferList len=0 list=[]
2018-04-16 16:52:05 udpsendbuffer.go:42 DEBUG bufferList=[]
2018-04-16 16:52:05 udpsession.go:81 DEBUG BufferList len=0 list=[]
