2018-04-16 16:43:57 reliableudp.go:13 DEBUG this=0xc42009c000
2018-04-16 16:43:57 udpsession.go:93 DEBUG u.recv=0xc42009c000
2018-04-16 16:43:57 udpsession.go:29 DEBUG ListUDP OK. IP=0.0.0.0 PORT:8008
2018-04-16 16:43:58 udpsendbuffer.go:42 DEBUG bufferList=[]
2018-04-16 16:43:59 udpsendbuffer.go:42 DEBUG bufferList=[]
2018-04-16 16:44:00 udpsendbuffer.go:42 DEBUG bufferList=[]
2018-04-16 16:44:01 udpsendbuffer.go:42 DEBUG bufferList=[]
2018-04-16 16:44:02 udpsendbuffer.go:42 DEBUG bufferList=[]
2018-04-16 16:44:03 udpsendbuffer.go:42 DEBUG bufferList=[]
2018-04-16 16:44:04 udpsendbuffer.go:42 DEBUG bufferList=[]
2018-04-16 16:44:05 udpsendbuffer.go:42 DEBUG bufferList=[]
2018-04-16 16:44:06 udpsendbuffer.go:42 DEBUG bufferList=[]
2018-04-16 16:44:06 udpsession.go:64 DEBUG recv=0xc42009c000 rLen=13 addr=10.155.48.42:39952
2018-04-16 16:44:06 reliableudp.go:28 DEBUG Recv data=13 byte=111vvvbbb222

2018-04-16 16:44:06 encrypt.go:35 DEBUG preSub=[49 49 49] endSub=[50 50 50 10] packetLen=13 endLen=4
2018-04-16 16:44:06 encrypt.go:49 DEBUG GetPacketData data:[118 118 118 98 98 98]
2018-04-16 16:44:06 udpsendbuffer.go:24 DEBUG buffer list=1 ip=10.155.48.42 port=39952 b=[118 118 118 98 98 98]
2018-04-16 16:44:06 reliableudp.go:39 DEBUG Send ip=10.155.48.42 port=39952 packetData=[118 118 118 98 98 98]
2018-04-16 16:44:07 udpsendbuffer.go:42 DEBUG bufferList=[{[118 118 118 98 98 98] 10.155.48.42 39952}]
2018-04-16 16:44:08 udpsendbuffer.go:42 DEBUG bufferList=[]
2018-04-16 16:44:09 udpsendbuffer.go:42 DEBUG bufferList=[]
2018-04-16 16:44:10 udpsendbuffer.go:42 DEBUG bufferList=[]
2018-04-16 16:44:11 udpsendbuffer.go:42 DEBUG bufferList=[]
2018-04-16 16:44:12 udpsendbuffer.go:42 DEBUG bufferList=[]
2018-04-16 16:44:13 udpsendbuffer.go:42 DEBUG bufferList=[]
2018-04-16 16:44:14 udpsendbuffer.go:42 DEBUG bufferList=[]
2018-04-16 16:44:15 udpsendbuffer.go:42 DEBUG bufferList=[]
2018-04-16 16:44:16 udpsendbuffer.go:42 DEBUG bufferList=[]
2018-04-16 16:44:17 udpsendbuffer.go:42 DEBUG bufferList=[]
2018-04-16 16:44:18 udpsendbuffer.go:42 DEBUG bufferList=[]
2018-04-16 16:44:19 udpsendbuffer.go:42 DEBUG bufferList=[]
2018-04-16 16:44:20 udpsendbuffer.go:42 DEBUG bufferList=[]
2018-04-16 16:44:21 udpsendbuffer.go:42 DEBUG bufferList=[]
2018-04-16 16:44:22 udpsendbuffer.go:42 DEBUG bufferList=[]
2018-04-16 16:44:23 udpsendbuffer.go:42 DEBUG bufferList=[]
2018-04-16 16:44:24 udpsendbuffer.go:42 DEBUG bufferList=[]
2018-04-16 16:44:25 udpsendbuffer.go:42 DEBUG bufferList=[]
2018-04-16 16:44:26 udpsendbuffer.go:42 DEBUG bufferList=[]
2018-04-16 16:44:27 udpsendbuffer.go:42 DEBUG bufferList=[]
2018-04-16 16:44:28 udpsendbuffer.go:42 DEBUG bufferList=[]
2018-04-16 16:44:29 udpsendbuffer.go:42 DEBUG bufferList=[]
2018-04-16 16:44:30 udpsendbuffer.go:42 DEBUG bufferList=[]
