2018-04-16 16:56:22 reliableudp.go:13 DEBUG this=0xc42009c000
2018-04-16 16:56:22 udpsession.go:94 DEBUG u.recv=0xc42009c000
2018-04-16 16:56:22 udpsession.go:29 DEBUG ListUDP OK. IP=0.0.0.0 PORT:8008
2018-04-16 16:56:23 udpsendbuffer.go:42 DEBUG bufferList=[]
2018-04-16 16:56:23 udpsession.go:80 DEBUG BufferList len=0 list=[]
2018-04-16 16:56:24 udpsendbuffer.go:42 DEBUG bufferList=[]
2018-04-16 16:56:24 udpsession.go:80 DEBUG BufferList len=0 list=[]
2018-04-16 16:56:25 udpsendbuffer.go:42 DEBUG bufferList=[]
2018-04-16 16:56:25 udpsession.go:80 DEBUG BufferList len=0 list=[]
2018-04-16 16:56:26 udpsendbuffer.go:42 DEBUG bufferList=[]
2018-04-16 16:56:26 udpsession.go:80 DEBUG BufferList len=0 list=[]
2018-04-16 16:56:27 udpsendbuffer.go:42 DEBUG bufferList=[]
2018-04-16 16:56:27 udpsession.go:80 DEBUG BufferList len=0 list=[]
2018-04-16 16:56:28 udpsendbuffer.go:42 DEBUG bufferList=[]
2018-04-16 16:56:28 udpsession.go:80 DEBUG BufferList len=0 list=[]
2018-04-16 16:56:29 udpsendbuffer.go:42 DEBUG bufferList=[]
2018-04-16 16:56:29 udpsession.go:80 DEBUG BufferList len=0 list=[]
2018-04-16 16:56:30 udpsession.go:64 DEBUG recv=0xc42009c000 rLen=10 addr=10.155.48.42:39952
2018-04-16 16:56:30 reliableudp.go:28 DEBUG Recv data=10 byte=111vvv222

2018-04-16 16:56:30 encrypt.go:35 DEBUG preSub=[49 49 49] endSub=[50 50 50 10] packetLen=10 endLen=4
2018-04-16 16:56:30 encrypt.go:49 DEBUG GetPacketData data:[118 118 118]
2018-04-16 16:56:30 udpsendbuffer.go:24 DEBUG buffer list=1 ip=10.155.48.42 port=39952 b=[118 118 118]
2018-04-16 16:56:30 reliableudp.go:39 DEBUG Send ip=10.155.48.42 port=39952 packetData=[118 118 118]
2018-04-16 16:56:30 udpsendbuffer.go:42 DEBUG bufferList=[{[118 118 118] 10.155.48.42 39952}]
2018-04-16 16:56:30 udpsession.go:80 DEBUG BufferList len=1 list=[{[118 118 118] 10.155.48.42 39952}]
2018-04-16 16:56:30 udpsession.go:83 DEBUG try to send: ip=10.155.48.42 port=39952 data=[118 118 118]
2018-04-16 16:56:31 udpsendbuffer.go:42 DEBUG bufferList=[]
2018-04-16 16:56:31 udpsession.go:80 DEBUG BufferList len=0 list=[]
2018-04-16 16:56:32 udpsendbuffer.go:42 DEBUG bufferList=[]
2018-04-16 16:56:32 udpsession.go:80 DEBUG BufferList len=0 list=[]
2018-04-16 16:56:33 udpsendbuffer.go:42 DEBUG bufferList=[]
2018-04-16 16:56:33 udpsession.go:80 DEBUG BufferList len=0 list=[]
2018-04-16 16:56:34 udpsendbuffer.go:42 DEBUG bufferList=[]
2018-04-16 16:56:34 udpsession.go:80 DEBUG BufferList len=0 list=[]
2018-04-16 16:56:35 udpsendbuffer.go:42 DEBUG bufferList=[]
2018-04-16 16:56:35 udpsession.go:80 DEBUG BufferList len=0 list=[]
2018-04-16 16:56:36 udpsendbuffer.go:42 DEBUG bufferList=[]
2018-04-16 16:56:36 udpsession.go:80 DEBUG BufferList len=0 list=[]
2018-04-16 16:56:37 udpsendbuffer.go:42 DEBUG bufferList=[]
2018-04-16 16:56:37 udpsession.go:80 DEBUG BufferList len=0 list=[]
2018-04-16 16:56:38 udpsendbuffer.go:42 DEBUG bufferList=[]
2018-04-16 16:56:38 udpsession.go:80 DEBUG BufferList len=0 list=[]
2018-04-16 16:56:39 udpsendbuffer.go:42 DEBUG bufferList=[]
2018-04-16 16:56:39 udpsession.go:80 DEBUG BufferList len=0 list=[]
2018-04-16 16:56:40 udpsendbuffer.go:42 DEBUG bufferList=[]
2018-04-16 16:56:40 udpsession.go:80 DEBUG BufferList len=0 list=[]
2018-04-16 16:56:41 udpsendbuffer.go:42 DEBUG bufferList=[]
2018-04-16 16:56:41 udpsession.go:80 DEBUG BufferList len=0 list=[]
2018-04-16 16:56:42 udpsendbuffer.go:42 DEBUG bufferList=[]
2018-04-16 16:56:42 udpsession.go:80 DEBUG BufferList len=0 list=[]
2018-04-16 16:56:43 udpsendbuffer.go:42 DEBUG bufferList=[]
2018-04-16 16:56:43 udpsession.go:80 DEBUG BufferList len=0 list=[]
2018-04-16 16:56:44 udpsendbuffer.go:42 DEBUG bufferList=[]
2018-04-16 16:56:44 udpsession.go:80 DEBUG BufferList len=0 list=[]
2018-04-16 16:56:45 udpsendbuffer.go:42 DEBUG bufferList=[]
2018-04-16 16:56:45 udpsession.go:80 DEBUG BufferList len=0 list=[]
2018-04-16 16:56:46 udpsendbuffer.go:42 DEBUG bufferList=[]
2018-04-16 16:56:46 udpsession.go:80 DEBUG BufferList len=0 list=[]
2018-04-16 16:56:47 udpsendbuffer.go:42 DEBUG bufferList=[]
2018-04-16 16:56:47 udpsession.go:80 DEBUG BufferList len=0 list=[]
2018-04-16 16:56:48 udpsendbuffer.go:42 DEBUG bufferList=[]
2018-04-16 16:56:48 udpsession.go:80 DEBUG BufferList len=0 list=[]
2018-04-16 16:56:49 udpsendbuffer.go:42 DEBUG bufferList=[]
2018-04-16 16:56:49 udpsession.go:80 DEBUG BufferList len=0 list=[]
2018-04-16 16:56:50 udpsendbuffer.go:42 DEBUG bufferList=[]
2018-04-16 16:56:50 udpsession.go:80 DEBUG BufferList len=0 list=[]
2018-04-16 16:56:51 udpsendbuffer.go:42 DEBUG bufferList=[]
2018-04-16 16:56:51 udpsession.go:80 DEBUG BufferList len=0 list=[]
2018-04-16 16:56:52 udpsendbuffer.go:42 DEBUG bufferList=[]
2018-04-16 16:56:52 udpsession.go:80 DEBUG BufferList len=0 list=[]
2018-04-16 16:56:53 udpsendbuffer.go:42 DEBUG bufferList=[]
2018-04-16 16:56:53 udpsession.go:80 DEBUG BufferList len=0 list=[]
2018-04-16 16:56:54 udpsendbuffer.go:42 DEBUG bufferList=[]
2018-04-16 16:56:54 udpsession.go:80 DEBUG BufferList len=0 list=[]
2018-04-16 16:56:55 udpsession.go:64 DEBUG recv=0xc42009c000 rLen=4 addr=10.155.48.42:39952
2018-04-16 16:56:55 reliableudp.go:28 DEBUG Recv data=4 byte=111

2018-04-16 16:56:55 encrypt.go:28 ERROR Invalid packet len
2018-04-16 16:56:55 reliableudp.go:31 ERROR Invalid packet
2018-04-16 16:56:55 udpsendbuffer.go:42 DEBUG bufferList=[]
2018-04-16 16:56:55 udpsession.go:80 DEBUG BufferList len=0 list=[]
2018-04-16 16:56:56 udpsendbuffer.go:42 DEBUG bufferList=[]
2018-04-16 16:56:56 udpsession.go:80 DEBUG BufferList len=0 list=[]
2018-04-16 16:56:57 udpsendbuffer.go:42 DEBUG bufferList=[]
2018-04-16 16:56:57 udpsession.go:80 DEBUG BufferList len=0 list=[]
2018-04-16 16:56:58 udpsendbuffer.go:42 DEBUG bufferList=[]
2018-04-16 16:56:58 udpsession.go:80 DEBUG BufferList len=0 list=[]
2018-04-16 16:56:59 udpsendbuffer.go:42 DEBUG bufferList=[]
2018-04-16 16:56:59 udpsession.go:80 DEBUG BufferList len=0 list=[]
2018-04-16 16:57:00 udpsendbuffer.go:42 DEBUG bufferList=[]
2018-04-16 16:57:00 udpsession.go:80 DEBUG BufferList len=0 list=[]
2018-04-16 16:57:01 udpsendbuffer.go:42 DEBUG bufferList=[]
2018-04-16 16:57:01 udpsession.go:80 DEBUG BufferList len=0 list=[]
2018-04-16 16:57:02 udpsession.go:64 DEBUG recv=0xc42009c000 rLen=13 addr=10.155.48.42:39952
2018-04-16 16:57:02 reliableudp.go:28 DEBUG Recv data=13 byte=111778899222

2018-04-16 16:57:02 encrypt.go:35 DEBUG preSub=[49 49 49] endSub=[50 50 50 10] packetLen=13 endLen=4
2018-04-16 16:57:02 encrypt.go:49 DEBUG GetPacketData data:[55 55 56 56 57 57]
2018-04-16 16:57:02 udpsendbuffer.go:24 DEBUG buffer list=1 ip=10.155.48.42 port=39952 b=[55 55 56 56 57 57]
2018-04-16 16:57:02 reliableudp.go:39 DEBUG Send ip=10.155.48.42 port=39952 packetData=[55 55 56 56 57 57]
2018-04-16 16:57:02 udpsendbuffer.go:42 DEBUG bufferList=[{[55 55 56 56 57 57] 10.155.48.42 39952}]
2018-04-16 16:57:02 udpsession.go:80 DEBUG BufferList len=1 list=[{[55 55 56 56 57 57] 10.155.48.42 39952}]
2018-04-16 16:57:02 udpsession.go:83 DEBUG try to send: ip=10.155.48.42 port=39952 data=[55 55 56 56 57 57]
2018-04-16 16:57:03 udpsendbuffer.go:42 DEBUG bufferList=[]
2018-04-16 16:57:03 udpsession.go:80 DEBUG BufferList len=0 list=[]
2018-04-16 16:57:04 udpsendbuffer.go:42 DEBUG bufferList=[]
2018-04-16 16:57:04 udpsession.go:80 DEBUG BufferList len=0 list=[]
2018-04-16 16:57:05 udpsendbuffer.go:42 DEBUG bufferList=[]
2018-04-16 16:57:05 udpsession.go:80 DEBUG BufferList len=0 list=[]
2018-04-16 16:57:06 udpsendbuffer.go:42 DEBUG bufferList=[]
2018-04-16 16:57:06 udpsession.go:80 DEBUG BufferList len=0 list=[]
2018-04-16 16:57:07 udpsendbuffer.go:42 DEBUG bufferList=[]
2018-04-16 16:57:07 udpsession.go:80 DEBUG BufferList len=0 list=[]
2018-04-16 16:57:08 udpsendbuffer.go:42 DEBUG bufferList=[]
2018-04-16 16:57:08 udpsession.go:80 DEBUG BufferList len=0 list=[]
2018-04-16 16:57:09 udpsendbuffer.go:42 DEBUG bufferList=[]
2018-04-16 16:57:09 udpsession.go:80 DEBUG BufferList len=0 list=[]
2018-04-16 16:57:10 udpsendbuffer.go:42 DEBUG bufferList=[]
2018-04-16 16:57:10 udpsession.go:80 DEBUG BufferList len=0 list=[]
2018-04-16 16:57:11 udpsendbuffer.go:42 DEBUG bufferList=[]
2018-04-16 16:57:11 udpsession.go:80 DEBUG BufferList len=0 list=[]
2018-04-16 16:57:12 udpsendbuffer.go:42 DEBUG bufferList=[]
2018-04-16 16:57:12 udpsession.go:80 DEBUG BufferList len=0 list=[]
2018-04-16 16:57:13 udpsendbuffer.go:42 DEBUG bufferList=[]
2018-04-16 16:57:13 udpsession.go:80 DEBUG BufferList len=0 list=[]
2018-04-16 16:57:13 udpsession.go:64 DEBUG recv=0xc42009c000 rLen=12 addr=10.155.48.42:39952
2018-04-16 16:57:13 reliableudp.go:28 DEBUG Recv data=12 byte=11112342222

2018-04-16 16:57:13 encrypt.go:35 DEBUG preSub=[49 49 49] endSub=[50 50 50 10] packetLen=12 endLen=4
2018-04-16 16:57:13 encrypt.go:49 DEBUG GetPacketData data:[49 50 51 52 50]
2018-04-16 16:57:13 udpsendbuffer.go:24 DEBUG buffer list=1 ip=10.155.48.42 port=39952 b=[49 50 51 52 50]
2018-04-16 16:57:13 reliableudp.go:39 DEBUG Send ip=10.155.48.42 port=39952 packetData=[49 50 51 52 50]
2018-04-16 16:57:14 udpsendbuffer.go:42 DEBUG bufferList=[{[49 50 51 52 50] 10.155.48.42 39952}]
2018-04-16 16:57:14 udpsession.go:80 DEBUG BufferList len=1 list=[{[49 50 51 52 50] 10.155.48.42 39952}]
2018-04-16 16:57:14 udpsession.go:83 DEBUG try to send: ip=10.155.48.42 port=39952 data=[49 50 51 52 50]
2018-04-16 16:57:15 udpsendbuffer.go:42 DEBUG bufferList=[]
2018-04-16 16:57:15 udpsession.go:80 DEBUG BufferList len=0 list=[]
2018-04-16 16:57:16 udpsendbuffer.go:42 DEBUG bufferList=[]
2018-04-16 16:57:16 udpsession.go:80 DEBUG BufferList len=0 list=[]
2018-04-16 16:57:17 udpsendbuffer.go:42 DEBUG bufferList=[]
2018-04-16 16:57:17 udpsession.go:80 DEBUG BufferList len=0 list=[]
2018-04-16 16:57:18 udpsendbuffer.go:42 DEBUG bufferList=[]
2018-04-16 16:57:18 udpsession.go:80 DEBUG BufferList len=0 list=[]
2018-04-16 16:57:19 udpsendbuffer.go:42 DEBUG bufferList=[]
2018-04-16 16:57:19 udpsession.go:80 DEBUG BufferList len=0 list=[]
2018-04-16 16:57:20 udpsendbuffer.go:42 DEBUG bufferList=[]
2018-04-16 16:57:20 udpsession.go:80 DEBUG BufferList len=0 list=[]
2018-04-16 16:57:21 udpsendbuffer.go:42 DEBUG bufferList=[]
2018-04-16 16:57:21 udpsession.go:80 DEBUG BufferList len=0 list=[]
2018-04-16 16:57:22 udpsendbuffer.go:42 DEBUG bufferList=[]
2018-04-16 16:57:22 udpsession.go:80 DEBUG BufferList len=0 list=[]
2018-04-16 16:57:23 udpsendbuffer.go:42 DEBUG bufferList=[]
2018-04-16 16:57:23 udpsession.go:80 DEBUG BufferList len=0 list=[]
2018-04-16 16:57:24 udpsendbuffer.go:42 DEBUG bufferList=[]
2018-04-16 16:57:24 udpsession.go:80 DEBUG BufferList len=0 list=[]
2018-04-16 16:57:25 udpsendbuffer.go:42 DEBUG bufferList=[]
2018-04-16 16:57:25 udpsession.go:80 DEBUG BufferList len=0 list=[]
2018-04-16 16:57:26 udpsendbuffer.go:42 DEBUG bufferList=[]
2018-04-16 16:57:26 udpsession.go:80 DEBUG BufferList len=0 list=[]
2018-04-16 16:57:27 udpsendbuffer.go:42 DEBUG bufferList=[]
2018-04-16 16:57:27 udpsession.go:80 DEBUG BufferList len=0 list=[]
2018-04-16 16:57:28 udpsendbuffer.go:42 DEBUG bufferList=[]
2018-04-16 16:57:28 udpsession.go:80 DEBUG BufferList len=0 list=[]
2018-04-16 16:57:29 udpsendbuffer.go:42 DEBUG bufferList=[]
2018-04-16 16:57:29 udpsession.go:80 DEBUG BufferList len=0 list=[]
2018-04-16 16:57:30 udpsendbuffer.go:42 DEBUG bufferList=[]
2018-04-16 16:57:30 udpsession.go:80 DEBUG BufferList len=0 list=[]
2018-04-16 16:57:31 udpsendbuffer.go:42 DEBUG bufferList=[]
2018-04-16 16:57:31 udpsession.go:80 DEBUG BufferList len=0 list=[]
2018-04-16 16:57:32 udpsendbuffer.go:42 DEBUG bufferList=[]
2018-04-16 16:57:32 udpsession.go:80 DEBUG BufferList len=0 list=[]
2018-04-16 16:57:33 udpsendbuffer.go:42 DEBUG bufferList=[]
2018-04-16 16:57:33 udpsession.go:80 DEBUG BufferList len=0 list=[]
2018-04-16 16:57:34 udpsendbuffer.go:42 DEBUG bufferList=[]
2018-04-16 16:57:34 udpsession.go:80 DEBUG BufferList len=0 list=[]
2018-04-16 16:57:35 udpsendbuffer.go:42 DEBUG bufferList=[]
2018-04-16 16:57:35 udpsession.go:80 DEBUG BufferList len=0 list=[]
2018-04-16 16:57:36 udpsendbuffer.go:42 DEBUG bufferList=[]
2018-04-16 16:57:36 udpsession.go:80 DEBUG BufferList len=0 list=[]
2018-04-16 16:57:37 udpsendbuffer.go:42 DEBUG bufferList=[]
2018-04-16 16:57:37 udpsession.go:80 DEBUG BufferList len=0 list=[]
2018-04-16 16:57:38 udpsendbuffer.go:42 DEBUG bufferList=[]
2018-04-16 16:57:38 udpsession.go:80 DEBUG BufferList len=0 list=[]
2018-04-16 16:57:39 udpsendbuffer.go:42 DEBUG bufferList=[]
2018-04-16 16:57:39 udpsession.go:80 DEBUG BufferList len=0 list=[]
2018-04-16 16:57:40 udpsendbuffer.go:42 DEBUG bufferList=[]
2018-04-16 16:57:40 udpsession.go:80 DEBUG BufferList len=0 list=[]
2018-04-16 16:57:41 udpsendbuffer.go:42 DEBUG bufferList=[]
2018-04-16 16:57:41 udpsession.go:80 DEBUG BufferList len=0 list=[]
2018-04-16 16:57:42 udpsendbuffer.go:42 DEBUG bufferList=[]
2018-04-16 16:57:42 udpsession.go:80 DEBUG BufferList len=0 list=[]
2018-04-16 16:57:43 udpsendbuffer.go:42 DEBUG bufferList=[]
2018-04-16 16:57:43 udpsession.go:80 DEBUG BufferList len=0 list=[]
2018-04-16 16:57:44 udpsendbuffer.go:42 DEBUG bufferList=[]
2018-04-16 16:57:44 udpsession.go:80 DEBUG BufferList len=0 list=[]
2018-04-16 16:57:45 udpsendbuffer.go:42 DEBUG bufferList=[]
2018-04-16 16:57:45 udpsession.go:80 DEBUG BufferList len=0 list=[]
2018-04-16 16:57:46 udpsendbuffer.go:42 DEBUG bufferList=[]
2018-04-16 16:57:46 udpsession.go:80 DEBUG BufferList len=0 list=[]
2018-04-16 16:57:47 udpsendbuffer.go:42 DEBUG bufferList=[]
2018-04-16 16:57:47 udpsession.go:80 DEBUG BufferList len=0 list=[]
2018-04-16 16:57:48 udpsendbuffer.go:42 DEBUG bufferList=[]
2018-04-16 16:57:48 udpsession.go:80 DEBUG BufferList len=0 list=[]
2018-04-16 16:57:49 udpsendbuffer.go:42 DEBUG bufferList=[]
2018-04-16 16:57:49 udpsession.go:80 DEBUG BufferList len=0 list=[]
2018-04-16 16:57:50 udpsendbuffer.go:42 DEBUG bufferList=[]
2018-04-16 16:57:50 udpsession.go:80 DEBUG BufferList len=0 list=[]
2018-04-16 16:57:51 udpsendbuffer.go:42 DEBUG bufferList=[]
2018-04-16 16:57:51 udpsession.go:80 DEBUG BufferList len=0 list=[]
2018-04-16 16:57:52 udpsendbuffer.go:42 DEBUG bufferList=[]
2018-04-16 16:57:52 udpsession.go:80 DEBUG BufferList len=0 list=[]
2018-04-16 16:57:53 udpsendbuffer.go:42 DEBUG bufferList=[]
2018-04-16 16:57:53 udpsession.go:80 DEBUG BufferList len=0 list=[]
2018-04-16 16:57:54 udpsendbuffer.go:42 DEBUG bufferList=[]
2018-04-16 16:57:54 udpsession.go:80 DEBUG BufferList len=0 list=[]
2018-04-16 16:57:55 udpsendbuffer.go:42 DEBUG bufferList=[]
2018-04-16 16:57:55 udpsession.go:80 DEBUG BufferList len=0 list=[]
2018-04-16 16:57:56 udpsendbuffer.go:42 DEBUG bufferList=[]
2018-04-16 16:57:56 udpsession.go:80 DEBUG BufferList len=0 list=[]
2018-04-16 16:57:57 udpsendbuffer.go:42 DEBUG bufferList=[]
2018-04-16 16:57:57 udpsession.go:80 DEBUG BufferList len=0 list=[]
2018-04-16 16:57:58 udpsendbuffer.go:42 DEBUG bufferList=[]
2018-04-16 16:57:58 udpsession.go:80 DEBUG BufferList len=0 list=[]
2018-04-16 16:57:59 udpsendbuffer.go:42 DEBUG bufferList=[]
2018-04-16 16:57:59 udpsession.go:80 DEBUG BufferList len=0 list=[]
